E:\XTEAMPLUGIN-MAIN\SRC\XTEAMPLUGIN\RELEASE\ANTILAG.OBJ
E:\XTEAMPLUGIN-MAIN\SRC\XTEAMPLUGIN\RELEASE\CAPE.OBJ
E:\XTEAMPLUGIN-MAIN\SRC\XTEAMPLUGIN\RELEASE\CCRC32.OBJ
E:\XteamPlugin-main\Src\XteamPlugin\Release\cl.command.1.tlog
E:\XteamPlugin-main\Src\XteamPlugin\Release\CL.read.1.tlog
E:\XteamPlugin-main\Src\XteamPlugin\Release\CL.write.1.tlog
E:\XTEAMPLUGIN-MAIN\SRC\XTEAMPLUGIN\RELEASE\CRC.OBJ
E:\XTEAMPLUGIN-MAIN\SRC\XTEAMPLUGIN\RELEASE\CRC_ARQUIVOS.OBJ
E:\XTEAMPLUGIN-MAIN\SRC\XTEAMPLUGIN\RELEASE\CUIMNG.OBJ
E:\XTEAMPLUGIN-MAIN\SRC\XTEAMPLUGIN\RELEASE\DLLMAIN.OBJ
E:\XTEAMPLUGIN-MAIN\SRC\XTEAMPLUGIN\RELEASE\HACKCHECK.OBJ
E:\XTEAMPLUGIN-MAIN\SRC\XTEAMPLUGIN\RELEASE\INTERFACE.OBJ
E:\XTEAMPLUGIN-MAIN\SRC\XTEAMPLUGIN\RELEASE\JCBUFFICON.OBJ
E:\XteamPlugin-main\Src\XteamPlugin\Release\link.command.1.tlog
E:\XteamPlugin-main\Src\XteamPlugin\Release\link.read.1.tlog
E:\XteamPlugin-main\Src\XteamPlugin\Release\link.write.1.tlog
E:\XteamPlugin-main\Src\XteamPlugin\Release\link-cvtres.read.1.tlog
E:\XteamPlugin-main\Src\XteamPlugin\Release\link-cvtres.write.1.tlog
E:\XTEAMPLUGIN-MAIN\SRC\XTEAMPLUGIN\RELEASE\LORENSTUDIO.OBJ
E:\XteamPlugin-main\Src\XteamPlugin\Release\mt.command.1.tlog
E:\XteamPlugin-main\Src\XteamPlugin\Release\mt.read.1.tlog
E:\XteamPlugin-main\Src\XteamPlugin\Release\mt.write.1.tlog
E:\XTEAMPLUGIN-MAIN\SRC\XTEAMPLUGIN\RELEASE\NEWUIMINIMAP.OBJ
E:\XTEAMPLUGIN-MAIN\SRC\XTEAMPLUGIN\RELEASE\PROTECT.OBJ
E:\XteamPlugin-main\Src\XteamPlugin\Release\rc.command.1.tlog
E:\XteamPlugin-main\Src\XteamPlugin\Release\rc.read.1.tlog
E:\XteamPlugin-main\Src\XteamPlugin\Release\rc.write.1.tlog
E:\XTEAMPLUGIN-MAIN\SRC\XTEAMPLUGIN\RELEASE\SMOKEEFFECT.OBJ
E:\XTEAMPLUGIN-MAIN\SRC\XTEAMPLUGIN\RELEASE\SPEEDHACK.OBJ
E:\XTEAMPLUGIN-MAIN\SRC\XTEAMPLUGIN\RELEASE\SPEEDPERFOMACE.OBJ
E:\XTEAMPLUGIN-MAIN\SRC\XTEAMPLUGIN\RELEASE\TMEMORY.OBJ
E:\XTEAMPLUGIN-MAIN\SRC\XTEAMPLUGIN\RELEASE\TOOLKIT.OBJ
E:\XTEAMPLUGIN-MAIN\SRC\XTEAMPLUGIN\RELEASE\USER.OBJ
E:\XTEAMPLUGIN-MAIN\SRC\XTEAMPLUGIN\RELEASE\UTIL.OBJ
E:\XTEAMPLUGIN-MAIN\SRC\XTEAMPLUGIN\RELEASE\VC100.PDB
E:\XTEAMPLUGIN-MAIN\SRC\XTEAMPLUGIN\RELEASE\WING.OBJ
E:\XTEAMPLUGIN-MAIN\SRC\XTEAMPLUGIN\RELEASE\XTEAMPLUGIN.DLL
E:\XTEAMPLUGIN-MAIN\SRC\XTEAMPLUGIN\RELEASE\XTEAMPLUGIN.DLL.INTERMEDIATE.MANIFEST
E:\XteamPlugin-main\Src\XteamPlugin\Release\XteamPlugin.exp
E:\XteamPlugin-main\Src\XteamPlugin\Release\XteamPlugin.lib
E:\XTEAMPLUGIN-MAIN\SRC\XTEAMPLUGIN\RELEASE\XTEAMPLUGIN.PDB
E:\XTEAMPLUGIN-MAIN\SRC\XTEAMPLUGIN\RELEASE\XTEAMPLUGIN.RES
E:\XteamPlugin-main\Src\XteamPlugin\Release\XteamPlugin.vcxproj.AssemblyReference.cache
E:\XteamPlugin-main\Src\XteamPlugin\Release\XteamPlugin.write.1.tlog
