  Wing.cpp
c:\users\rodri\desktop\xteamplugin-main\src\xteamplugin\wing.cpp(97): warning C4305: '=' : truncation from 'double' to 'float'
c:\users\rodri\desktop\xteamplugin-main\src\xteamplugin\wing.cpp(98): warning C4305: '=' : truncation from 'double' to 'float'
  Util.cpp
  User.cpp
  Toolkit.cpp
  TMemory.cpp
  SpeedPerfomace.cpp
  SpeedHack.cpp
  SmokeEffect.cpp
c:\users\rodri\desktop\xteamplugin-main\src\xteamplugin\smokeeffect.cpp(11): warning C4800: 'UINT' : forcing value to bool 'true' or 'false' (performance warning)
  Protect.cpp
  NewUIMiniMap.cpp
c:\users\rodri\desktop\xteamplugin-main\src\xteamplugin\newuiminimap.cpp(56): warning C4244: '=' : conversion from 'float' to 'LONG', possible loss of data
c:\users\rodri\desktop\xteamplugin-main\src\xteamplugin\newuiminimap.cpp(57): warning C4244: '=' : conversion from 'double' to 'LONG', possible loss of data
  LorenStudio.cpp
c:\users\rodri\desktop\xteamplugin-main\src\xteamplugin\jcbufficon.h(3): warning C4005: 'pCheckMouseOver' : macro redefinition
          c:\users\rodri\desktop\xteamplugin-main\src\xteamplugin\import.h(53) : see previous definition of 'pCheckMouseOver'
c:\users\rodri\desktop\xteamplugin-main\src\xteamplugin\jcbufficon.h(4): warning C4005: 'RenderBitmap' : macro redefinition
          c:\users\rodri\desktop\xteamplugin-main\src\xteamplugin\import.h(28) : see previous definition of 'RenderBitmap'
c:\users\rodri\desktop\xteamplugin-main\src\xteamplugin\cuimng.h(21): warning C4005: 'EnableAlphaTest' : macro redefinition
          c:\users\rodri\desktop\xteamplugin-main\src\xteamplugin\newuiminimap.h(58) : see previous definition of 'EnableAlphaTest'
c:\users\rodri\desktop\xteamplugin-main\src\xteamplugin\lorenstudio.cpp(110): warning C4244: 'argument' : conversion from 'long' to 'BYTE', possible loss of data
c:\users\rodri\desktop\xteamplugin-main\src\xteamplugin\lorenstudio.cpp(110): warning C4244: 'argument' : conversion from 'long' to 'BYTE', possible loss of data
c:\users\rodri\desktop\xteamplugin-main\src\xteamplugin\lorenstudio.cpp(110): warning C4244: 'argument' : conversion from 'long' to 'BYTE', possible loss of data
c:\users\rodri\desktop\xteamplugin-main\src\xteamplugin\lorenstudio.cpp(115): warning C4244: 'argument' : conversion from 'long' to 'BYTE', possible loss of data
c:\users\rodri\desktop\xteamplugin-main\src\xteamplugin\lorenstudio.cpp(115): warning C4244: 'argument' : conversion from 'long' to 'BYTE', possible loss of data
c:\users\rodri\desktop\xteamplugin-main\src\xteamplugin\lorenstudio.cpp(115): warning C4244: 'argument' : conversion from 'long' to 'BYTE', possible loss of data
c:\users\rodri\desktop\xteamplugin-main\src\xteamplugin\lorenstudio.cpp(120): warning C4244: 'argument' : conversion from 'long' to 'BYTE', possible loss of data
c:\users\rodri\desktop\xteamplugin-main\src\xteamplugin\lorenstudio.cpp(120): warning C4244: 'argument' : conversion from 'long' to 'BYTE', possible loss of data
c:\users\rodri\desktop\xteamplugin-main\src\xteamplugin\lorenstudio.cpp(120): warning C4244: 'argument' : conversion from 'long' to 'BYTE', possible loss of data
c:\users\rodri\desktop\xteamplugin-main\src\xteamplugin\lorenstudio.cpp(125): warning C4244: 'argument' : conversion from 'long' to 'BYTE', possible loss of data
c:\users\rodri\desktop\xteamplugin-main\src\xteamplugin\lorenstudio.cpp(125): warning C4244: 'argument' : conversion from 'long' to 'BYTE', possible loss of data
c:\users\rodri\desktop\xteamplugin-main\src\xteamplugin\lorenstudio.cpp(125): warning C4244: 'argument' : conversion from 'long' to 'BYTE', possible loss of data
c:\users\rodri\desktop\xteamplugin-main\src\xteamplugin\lorenstudio.cpp(130): warning C4244: 'argument' : conversion from 'long' to 'BYTE', possible loss of data
c:\users\rodri\desktop\xteamplugin-main\src\xteamplugin\lorenstudio.cpp(130): warning C4244: 'argument' : conversion from 'long' to 'BYTE', possible loss of data
c:\users\rodri\desktop\xteamplugin-main\src\xteamplugin\lorenstudio.cpp(130): warning C4244: 'argument' : conversion from 'long' to 'BYTE', possible loss of data
c:\users\rodri\desktop\xteamplugin-main\src\xteamplugin\lorenstudio.cpp(136): warning C4244: 'argument' : conversion from 'long' to 'BYTE', possible loss of data
c:\users\rodri\desktop\xteamplugin-main\src\xteamplugin\lorenstudio.cpp(136): warning C4244: 'argument' : conversion from 'long' to 'BYTE', possible loss of data
c:\users\rodri\desktop\xteamplugin-main\src\xteamplugin\lorenstudio.cpp(136): warning C4244: 'argument' : conversion from 'long' to 'BYTE', possible loss of data
c:\users\rodri\desktop\xteamplugin-main\src\xteamplugin\lorenstudio.cpp(142): warning C4244: 'argument' : conversion from 'long' to 'BYTE', possible loss of data
c:\users\rodri\desktop\xteamplugin-main\src\xteamplugin\lorenstudio.cpp(142): warning C4244: 'argument' : conversion from 'long' to 'BYTE', possible loss of data
c:\users\rodri\desktop\xteamplugin-main\src\xteamplugin\lorenstudio.cpp(142): warning C4244: 'argument' : conversion from 'long' to 'BYTE', possible loss of data
c:\users\rodri\desktop\xteamplugin-main\src\xteamplugin\lorenstudio.cpp(148): warning C4244: 'argument' : conversion from 'long' to 'BYTE', possible loss of data
c:\users\rodri\desktop\xteamplugin-main\src\xteamplugin\lorenstudio.cpp(148): warning C4244: 'argument' : conversion from 'long' to 'BYTE', possible loss of data
c:\users\rodri\desktop\xteamplugin-main\src\xteamplugin\lorenstudio.cpp(148): warning C4244: 'argument' : conversion from 'long' to 'BYTE', possible loss of data
c:\users\rodri\desktop\xteamplugin-main\src\xteamplugin\lorenstudio.cpp(154): warning C4244: 'argument' : conversion from 'long' to 'BYTE', possible loss of data
c:\users\rodri\desktop\xteamplugin-main\src\xteamplugin\lorenstudio.cpp(154): warning C4244: 'argument' : conversion from 'long' to 'BYTE', possible loss of data
c:\users\rodri\desktop\xteamplugin-main\src\xteamplugin\lorenstudio.cpp(154): warning C4244: 'argument' : conversion from 'long' to 'BYTE', possible loss of data
c:\users\rodri\desktop\xteamplugin-main\src\xteamplugin\lorenstudio.cpp(212): warning C4244: 'initializing' : conversion from 'double' to 'float', possible loss of data
c:\users\rodri\desktop\xteamplugin-main\src\xteamplugin\lorenstudio.cpp(231): warning C4305: '=' : truncation from 'double' to 'float'
c:\users\rodri\desktop\xteamplugin-main\src\xteamplugin\lorenstudio.cpp(232): warning C4305: '=' : truncation from 'double' to 'float'
c:\users\rodri\desktop\xteamplugin-main\src\xteamplugin\lorenstudio.cpp(233): warning C4305: '=' : truncation from 'double' to 'float'
c:\users\rodri\desktop\xteamplugin-main\src\xteamplugin\lorenstudio.cpp(308): warning C4244: 'initializing' : conversion from 'double' to 'float', possible loss of data
c:\users\rodri\desktop\xteamplugin-main\src\xteamplugin\lorenstudio.cpp(309): warning C4244: 'initializing' : conversion from 'double' to 'float', possible loss of data
c:\users\rodri\desktop\xteamplugin-main\src\xteamplugin\lorenstudio.cpp(313): warning C4305: '=' : truncation from 'double' to 'vec_t'
c:\users\rodri\desktop\xteamplugin-main\src\xteamplugin\lorenstudio.cpp(316): warning C4244: '=' : conversion from 'double' to 'float', possible loss of data
c:\users\rodri\desktop\xteamplugin-main\src\xteamplugin\lorenstudio.cpp(317): warning C4244: 'initializing' : conversion from 'double' to 'float', possible loss of data
c:\users\rodri\desktop\xteamplugin-main\src\xteamplugin\lorenstudio.cpp(319): warning C4244: '=' : conversion from 'double' to 'float', possible loss of data
c:\users\rodri\desktop\xteamplugin-main\src\xteamplugin\lorenstudio.cpp(321): warning C4244: 'initializing' : conversion from 'double' to 'float', possible loss of data
c:\users\rodri\desktop\xteamplugin-main\src\xteamplugin\lorenstudio.cpp(329): warning C4305: '=' : truncation from 'double' to 'vec_t'
c:\users\rodri\desktop\xteamplugin-main\src\xteamplugin\lorenstudio.cpp(329): warning C4305: '=' : truncation from 'double' to 'vec_t'
c:\users\rodri\desktop\xteamplugin-main\src\xteamplugin\lorenstudio.cpp(329): warning C4305: '=' : truncation from 'double' to 'vec_t'
  JCBuffIcon.cpp
c:\users\rodri\desktop\xteamplugin-main\src\xteamplugin\import.h(28): warning C4005: 'RenderBitmap' : macro redefinition
          c:\users\rodri\desktop\xteamplugin-main\src\xteamplugin\jcbufficon.h(4) : see previous definition of 'RenderBitmap'
c:\users\rodri\desktop\xteamplugin-main\src\xteamplugin\import.h(53): warning C4005: 'pCheckMouseOver' : macro redefinition
          c:\users\rodri\desktop\xteamplugin-main\src\xteamplugin\jcbufficon.h(3) : see previous definition of 'pCheckMouseOver'
c:\users\rodri\desktop\xteamplugin-main\src\xteamplugin\jcbufficon.cpp(58): warning C4244: '=' : conversion from 'double' to 'float', possible loss of data
c:\users\rodri\desktop\xteamplugin-main\src\xteamplugin\jcbufficon.cpp(59): warning C4244: '=' : conversion from 'double' to 'float', possible loss of data
c:\users\rodri\desktop\xteamplugin-main\src\xteamplugin\jcbufficon.cpp(63): warning C4244: 'argument' : conversion from 'float' to 'int', possible loss of data
c:\users\rodri\desktop\xteamplugin-main\src\xteamplugin\jcbufficon.cpp(63): warning C4244: 'argument' : conversion from 'float' to 'int', possible loss of data
c:\users\rodri\desktop\xteamplugin-main\src\xteamplugin\jcbufficon.cpp(75): warning C4244: '=' : conversion from 'float' to 'int', possible loss of data
c:\users\rodri\desktop\xteamplugin-main\src\xteamplugin\jcbufficon.cpp(83): warning C4244: '-=' : conversion from 'float' to 'int', possible loss of data
c:\users\rodri\desktop\xteamplugin-main\src\xteamplugin\jcbufficon.cpp(91): warning C4244: '-=' : conversion from 'float' to 'int', possible loss of data
c:\users\rodri\desktop\xteamplugin-main\src\xteamplugin\jcbufficon.cpp(95): warning C4800: 'int' : forcing value to bool 'true' or 'false' (performance warning)
  HackCheck.cpp
  Dllmain.cpp
c:\users\rodri\desktop\xteamplugin-main\src\xteamplugin\jcbufficon.h(3): warning C4005: 'pCheckMouseOver' : macro redefinition
          c:\users\rodri\desktop\xteamplugin-main\src\xteamplugin\import.h(53) : see previous definition of 'pCheckMouseOver'
c:\users\rodri\desktop\xteamplugin-main\src\xteamplugin\jcbufficon.h(4): warning C4005: 'RenderBitmap' : macro redefinition
          c:\users\rodri\desktop\xteamplugin-main\src\xteamplugin\import.h(28) : see previous definition of 'RenderBitmap'
c:\users\rodri\desktop\xteamplugin-main\src\xteamplugin\cuimng.h(21): warning C4005: 'EnableAlphaTest' : macro redefinition
          c:\users\rodri\desktop\xteamplugin-main\src\xteamplugin\newuiminimap.h(58) : see previous definition of 'EnableAlphaTest'
  CUIMng.cpp
c:\users\rodri\desktop\xteamplugin-main\src\xteamplugin\cuimng.cpp(60): warning C4244: '=' : conversion from 'double' to 'float', possible loss of data
c:\users\rodri\desktop\xteamplugin-main\src\xteamplugin\cuimng.cpp(138): warning C4800: 'char' : forcing value to bool 'true' or 'false' (performance warning)
c:\users\rodri\desktop\xteamplugin-main\src\xteamplugin\cuimng.cpp(164): warning C4305: 'argument' : truncation from 'double' to 'float'
c:\users\rodri\desktop\xteamplugin-main\src\xteamplugin\cuimng.cpp(174): warning C4244: 'argument' : conversion from 'double' to 'float', possible loss of data
c:\users\rodri\desktop\xteamplugin-main\src\xteamplugin\cuimng.cpp(174): warning C4244: 'argument' : conversion from 'double' to 'float', possible loss of data
c:\users\rodri\desktop\xteamplugin-main\src\xteamplugin\cuimng.cpp(176): warning C4305: 'argument' : truncation from 'double' to 'GLfloat'
c:\users\rodri\desktop\xteamplugin-main\src\xteamplugin\cuimng.cpp(176): warning C4305: 'argument' : truncation from 'double' to 'GLfloat'
c:\users\rodri\desktop\xteamplugin-main\src\xteamplugin\cuimng.cpp(176): warning C4305: 'argument' : truncation from 'double' to 'GLfloat'
c:\users\rodri\desktop\xteamplugin-main\src\xteamplugin\cuimng.cpp(179): warning C4244: 'argument' : conversion from 'float' to 'int', possible loss of data
  CRC_Arquivos.cpp
  CRC.cpp
  AntiLag.cpp
  CCRC32.Cpp
  Generating Code...
     Creating library C:\Users\rodri\Desktop\XteamPlugin-main\Src\XteamPlugin\Debug\XteamPlugin.lib and object C:\Users\rodri\Desktop\XteamPlugin-main\Src\XteamPlugin\Debug\XteamPlugin.exp
CUIMng.obj : error LNK2019: unresolved external symbol __imp__SwapBuffers@4 referenced in function "public: static void __thiscall CUIMng::RenderTitleSceneUI(int,struct HDC__ *,unsigned long,unsigned long)" (?RenderTitleSceneUI@CUIMng@@SEXHPAUHDC__@@KK@Z)
C:\Users\rodri\Desktop\XteamPlugin-main\Src\XteamPlugin\Debug\XteamPlugin.dll : fatal error LNK1120: 1 unresolved externals
