Build started 31/08/2021 20:20:44.
     1>Project "E:\Desktop\97\GetMainInfo\GetMainInfo\GetMainInfo.vcxproj" on node 2 (build target(s)).
     1>C:\Program Files (x86)\MSBuild\Microsoft.Cpp\v4.0\Microsoft.CppBuild.targets(299,5): warning MSB8004: Output Directory does not end with a trailing slash.  This build instance will add the slash as it is required to allow proper evaluation of the Output Directory.
     1>InitializeBuildStatus:
         Creating "FREE\GetMainInfo.unsuccessfulbuild" because "AlwaysCreate" was specified.
       ClCompile:
         All outputs are up-to-date.
         C:\Program Files (x86)\Microsoft Visual Studio 10.0\VC\bin\CL.exe /c /Zi /nologo /W3 /WX- /O2 /Oi /Oy- /GL /D WIN32 /D NDEBUG /D _CONSOLE /D GAMESERVER_PREMIUM=0 /D _MBCS /Gm- /EHsc /MT /GS /Gy /fp:precise /Zc:wchar_t /Zc:forScope /Yu"StdAfx.h" /Fp"FREE\GetMainInfo-Free.pch" /Fo"FREE\\" /Fd"FREE\vc100.pdb" /Gd /TP /analyze- /errorReport:prompt GetMainInfo.cpp
         GetMainInfo.cpp
       ResourceCompile:
         All outputs are up-to-date.
       Link:
         C:\Program Files (x86)\Microsoft Visual Studio 10.0\VC\bin\link.exe /ERRORREPORT:PROMPT /OUT:"E:\Desktop\97\GetMainInfo\Release\GetMainInfo-Free.exe" /INCREMENTAL:NO /NOLOGO kernel32.lib user32.lib gdi32.lib winspool.lib comdlg32.lib advapi32.lib shell32.lib ole32.lib oleaut32.lib uuid.lib odbc32.lib odbccp32.lib /MANIFEST /ManifestFile:"FREE\GetMainInfo-Free.exe.intermediate.manifest" /MANIFESTUAC:"level='asInvoker' uiAccess='false'" /DEBUG /PDB:"E:\Desktop\97\GetMainInfo\Release\GetMainInfo-Free.pdb" /SUBSYSTEM:CONSOLE /OPT:REF /OPT:ICF /LTCG /TLBID:1 /DYNAMICBASE /NXCOMPAT /IMPLIB:"E:\Desktop\97\GetMainInfo\Release\GetMainInfo-Free.lib" /MACHINE:X86 FREE\GetMainInfo.res
         FREE\CCRC32.obj
         FREE\CustomCloak.obj
         FREE\CustomCrossBow.obj
         FREE\CustomEffectDynamic.obj
         FREE\CustomGloves.obj
         FREE\CustomItem.obj
         FREE\CustomItemPosition.obj
         FREE\CustomJewel.obj
         FREE\CustomMessage.obj
         FREE\CustomMonster.obj
         FREE\CustomPet.obj
         FREE\CustomPetEffect.obj
         FREE\CustomWing.obj
         FREE\CustomWIngEffect.obj
         FREE\EarthQuake.obj
         FREE\GetMainInfo.obj
         FREE\MemScript.obj
         FREE\MonsterNameColor.obj
         FREE\PetGlow.obj
         FREE\SmokeEffect.obj
         FREE\stdafx.obj
         Generating code
         Finished generating code
         GetMainInfo.vcxproj -> E:\Desktop\97\GetMainInfo\Release\GetMainInfo-Free.exe
       Manifest:
         C:\Program Files (x86)\Microsoft SDKs\Windows\v7.0A\bin\mt.exe /nologo /verbose /outputresource:"E:\Desktop\97\GetMainInfo\Release\GetMainInfo-Free.exe;#1" /manifest "FREE\GetMainInfo-Free.exe.intermediate.manifest"
       FinalizeBuildStatus:
         Deleting file "FREE\GetMainInfo.unsuccessfulbuild".
         Touching "FREE\GetMainInfo.lastbuildstate".
     1>Done Building Project "E:\Desktop\97\GetMainInfo\GetMainInfo\GetMainInfo.vcxproj" (build target(s)).

Build succeeded.

Time Elapsed 00:00:03.00
